  stdafx.cpp
  main.cpp
  Balance Tree.cpp
d:\mydocument\document\vssaves\cloud\chitoseruri\personal project\balance tree\balance tree\balance tree.cpp(3): error C2065: “BTTree”: 未声明的标识符
d:\mydocument\document\vssaves\cloud\chitoseruri\personal project\balance tree\balance tree\balance tree.cpp(3): error C2065: “btTree”: 未声明的标识符
d:\mydocument\document\vssaves\cloud\chitoseruri\personal project\balance tree\balance tree\balance tree.cpp(4): error C2448: “Init_BalanceTree”: 函数样式初始值设定项类似函数定义
d:\mydocument\document\vssaves\cloud\chitoseruri\personal project\balance tree\balance tree\balance tree.cpp(16): error C2143: 语法错误: 缺少“;”(在“*”的前面)
d:\mydocument\document\vssaves\cloud\chitoseruri\personal project\balance tree\balance tree\balance tree.cpp(16): error C4430: 缺少类型说明符 - 假定为 int。注意: C++ 不支持默认 int
d:\mydocument\document\vssaves\cloud\chitoseruri\personal project\balance tree\balance tree\balance tree.cpp(16): error C2065: “BTTree”: 未声明的标识符
d:\mydocument\document\vssaves\cloud\chitoseruri\personal project\balance tree\balance tree\balance tree.cpp(16): error C2065: “btTree”: 未声明的标识符
d:\mydocument\document\vssaves\cloud\chitoseruri\personal project\balance tree\balance tree\balance tree.cpp(16): error C2065: “KeyType”: 未声明的标识符
d:\mydocument\document\vssaves\cloud\chitoseruri\personal project\balance tree\balance tree\balance tree.cpp(16): error C2146: 语法错误: 缺少“)”(在标识符“key”的前面)
d:\mydocument\document\vssaves\cloud\chitoseruri\personal project\balance tree\balance tree\balance tree.cpp(17): error C2143: 语法错误: 缺少“;”(在“{”的前面)
d:\mydocument\document\vssaves\cloud\chitoseruri\personal project\balance tree\balance tree\balance tree.cpp(17): error C2447: “{”: 缺少函数标题(是否是老式的形式表?)
d:\mydocument\document\vssaves\cloud\chitoseruri\personal project\balance tree\balance tree\balance tree.cpp(37): error C2065: “BTTree”: 未声明的标识符
d:\mydocument\document\vssaves\cloud\chitoseruri\personal project\balance tree\balance tree\balance tree.cpp(37): error C2065: “btTree”: 未声明的标识符
d:\mydocument\document\vssaves\cloud\chitoseruri\personal project\balance tree\balance tree\balance tree.cpp(37): error C2065: “KeyType”: 未声明的标识符
d:\mydocument\document\vssaves\cloud\chitoseruri\personal project\balance tree\balance tree\balance tree.cpp(37): error C2146: 语法错误: 缺少“)”(在标识符“key”的前面)
d:\mydocument\document\vssaves\cloud\chitoseruri\personal project\balance tree\balance tree\balance tree.cpp(38): error C2143: 语法错误: 缺少“;”(在“{”的前面)
d:\mydocument\document\vssaves\cloud\chitoseruri\personal project\balance tree\balance tree\balance tree.cpp(38): error C2447: “{”: 缺少函数标题(是否是老式的形式表?)
d:\mydocument\document\vssaves\cloud\chitoseruri\personal project\balance tree\balance tree\balance tree.cpp(53): error C2065: “BTTree”: 未声明的标识符
d:\mydocument\document\vssaves\cloud\chitoseruri\personal project\balance tree\balance tree\balance tree.cpp(53): error C2065: “btTree”: 未声明的标识符
d:\mydocument\document\vssaves\cloud\chitoseruri\personal project\balance tree\balance tree\balance tree.cpp(53): error C2146: 语法错误: 缺少“)”(在标识符“btNode”的前面)
d:\mydocument\document\vssaves\cloud\chitoseruri\personal project\balance tree\balance tree\balance tree.cpp(54): error C2143: 语法错误: 缺少“;”(在“{”的前面)
d:\mydocument\document\vssaves\cloud\chitoseruri\personal project\balance tree\balance tree\balance tree.cpp(54): error C2447: “{”: 缺少函数标题(是否是老式的形式表?)
  正在生成代码...
